Module slurm/16.05.5 loaded 
Module openmpi/2.0.1 loaded 
cephalictent-1_S93_L004_R1_001
cephalictent-1_S93_L004_R2_001
TrimmomaticPE: Started with arguments: /home/seboles/abaloneraw/DataTemp/Female/cephalictent-1_S93_L004_R1_001.fastq.gz /home/seboles/abaloneraw/DataTemp/Female/cephalictent-1_S93_L004_R2_001.fastq.gz cephalictent-1_S93_L004_R1_001.qc.fq.gz s1_se cephalictent-1_S93_L004_R2_001.qc.fq.gz s2_se ILLUMINACLIP:/home/nreid/rnaseq/NEBnextAdapt.fa:2:40:15 LEADING:2 TRAILING:2 SLIDINGWINDOW:4:2 MINLEN:25
Multiple cores found: Using 16 threads
Using Long Clipping Sequence: 'ACACTCTTTCCCTACACGACGCTCTTCCGATC'
Using Long Clipping Sequence: 'GATCGGAAGAGCGTCGTGTAGGGAAAGAGTGT'
Using Long Clipping Sequence: 'GATCGGAAGAGCACACGTCTGAACTCCAGTC'
Using Long Clipping Sequence: 'GACTGGAGTTCAGACGTGTGCTCTTCCGATC'
ILLUMINACLIP: Using 0 prefix pairs, 4 forward/reverse sequences, 0 forward only sequences, 0 reverse only sequences
Quality encoding detected as phred33
Input Read Pairs: 7084687 Both Surviving: 6848313 (96.66%) Forward Only Surviving: 3773 (0.05%) Reverse Only Surviving: 9647 (0.14%) Dropped: 222954 (3.15%)
TrimmomaticPE: Completed successfully
cephalictent-2_S94_L004_R1_001
cephalictent-2_S94_L004_R2_001
TrimmomaticPE: Started with arguments: /home/seboles/abaloneraw/DataTemp/Female/cephalictent-2_S94_L004_R1_001.fastq.gz /home/seboles/abaloneraw/DataTemp/Female/cephalictent-2_S94_L004_R2_001.fastq.gz cephalictent-2_S94_L004_R1_001.qc.fq.gz s1_se cephalictent-2_S94_L004_R2_001.qc.fq.gz s2_se ILLUMINACLIP:/home/nreid/rnaseq/NEBnextAdapt.fa:2:40:15 LEADING:2 TRAILING:2 SLIDINGWINDOW:4:2 MINLEN:25
Multiple cores found: Using 16 threads
Using Long Clipping Sequence: 'ACACTCTTTCCCTACACGACGCTCTTCCGATC'
Using Long Clipping Sequence: 'GATCGGAAGAGCGTCGTGTAGGGAAAGAGTGT'
Using Long Clipping Sequence: 'GATCGGAAGAGCACACGTCTGAACTCCAGTC'
Using Long Clipping Sequence: 'GACTGGAGTTCAGACGTGTGCTCTTCCGATC'
ILLUMINACLIP: Using 0 prefix pairs, 4 forward/reverse sequences, 0 forward only sequences, 0 reverse only sequences
Quality encoding detected as phred33
Input Read Pairs: 10382229 Both Surviving: 10381428 (99.99%) Forward Only Surviving: 123 (0.00%) Reverse Only Surviving: 79 (0.00%) Dropped: 599 (0.01%)
TrimmomaticPE: Completed successfully
epipodal-1_S97_L004_R1_001
epipodal-1_S97_L004_R2_001
TrimmomaticPE: Started with arguments: /home/seboles/abaloneraw/DataTemp/Female/epipodal-1_S97_L004_R1_001.fastq.gz /home/seboles/abaloneraw/DataTemp/Female/epipodal-1_S97_L004_R2_001.fastq.gz epipodal-1_S97_L004_R1_001.qc.fq.gz s1_se epipodal-1_S97_L004_R2_001.qc.fq.gz s2_se ILLUMINACLIP:/home/nreid/rnaseq/NEBnextAdapt.fa:2:40:15 LEADING:2 TRAILING:2 SLIDINGWINDOW:4:2 MINLEN:25
Multiple cores found: Using 16 threads
Using Long Clipping Sequence: 'ACACTCTTTCCCTACACGACGCTCTTCCGATC'
Using Long Clipping Sequence: 'GATCGGAAGAGCGTCGTGTAGGGAAAGAGTGT'
Using Long Clipping Sequence: 'GATCGGAAGAGCACACGTCTGAACTCCAGTC'
Using Long Clipping Sequence: 'GACTGGAGTTCAGACGTGTGCTCTTCCGATC'
ILLUMINACLIP: Using 0 prefix pairs, 4 forward/reverse sequences, 0 forward only sequences, 0 reverse only sequences
Quality encoding detected as phred33
Input Read Pairs: 17358667 Both Surviving: 17079930 (98.39%) Forward Only Surviving: 4430 (0.03%) Reverse Only Surviving: 23368 (0.13%) Dropped: 250939 (1.45%)
TrimmomaticPE: Completed successfully
epipodal-2_S98_L004_R1_001
epipodal-2_S98_L004_R2_001
TrimmomaticPE: Started with arguments: /home/seboles/abaloneraw/DataTemp/Female/epipodal-2_S98_L004_R1_001.fastq.gz /home/seboles/abaloneraw/DataTemp/Female/epipodal-2_S98_L004_R2_001.fastq.gz epipodal-2_S98_L004_R1_001.qc.fq.gz s1_se epipodal-2_S98_L004_R2_001.qc.fq.gz s2_se ILLUMINACLIP:/home/nreid/rnaseq/NEBnextAdapt.fa:2:40:15 LEADING:2 TRAILING:2 SLIDINGWINDOW:4:2 MINLEN:25
Multiple cores found: Using 16 threads
Using Long Clipping Sequence: 'ACACTCTTTCCCTACACGACGCTCTTCCGATC'
Using Long Clipping Sequence: 'GATCGGAAGAGCGTCGTGTAGGGAAAGAGTGT'
Using Long Clipping Sequence: 'GATCGGAAGAGCACACGTCTGAACTCCAGTC'
Using Long Clipping Sequence: 'GACTGGAGTTCAGACGTGTGCTCTTCCGATC'
ILLUMINACLIP: Using 0 prefix pairs, 4 forward/reverse sequences, 0 forward only sequences, 0 reverse only sequences
Quality encoding detected as phred33
Input Read Pairs: 8132759 Both Surviving: 7974160 (98.05%) Forward Only Surviving: 2613 (0.03%) Reverse Only Surviving: 4931 (0.06%) Dropped: 151055 (1.86%)
TrimmomaticPE: Completed successfully
epitent-1_S99_L004_R1_001
epitent-1_S99_L004_R2_001
TrimmomaticPE: Started with arguments: /home/seboles/abaloneraw/DataTemp/Female/epitent-1_S99_L004_R1_001.fastq.gz /home/seboles/abaloneraw/DataTemp/Female/epitent-1_S99_L004_R2_001.fastq.gz epitent-1_S99_L004_R1_001.qc.fq.gz s1_se epitent-1_S99_L004_R2_001.qc.fq.gz s2_se ILLUMINACLIP:/home/nreid/rnaseq/NEBnextAdapt.fa:2:40:15 LEADING:2 TRAILING:2 SLIDINGWINDOW:4:2 MINLEN:25
Multiple cores found: Using 16 threads
Using Long Clipping Sequence: 'ACACTCTTTCCCTACACGACGCTCTTCCGATC'
Using Long Clipping Sequence: 'GATCGGAAGAGCGTCGTGTAGGGAAAGAGTGT'
Using Long Clipping Sequence: 'GATCGGAAGAGCACACGTCTGAACTCCAGTC'
Using Long Clipping Sequence: 'GACTGGAGTTCAGACGTGTGCTCTTCCGATC'
ILLUMINACLIP: Using 0 prefix pairs, 4 forward/reverse sequences, 0 forward only sequences, 0 reverse only sequences
Quality encoding detected as phred33
Input Read Pairs: 5982778 Both Surviving: 5884569 (98.36%) Forward Only Surviving: 1470 (0.02%) Reverse Only Surviving: 6938 (0.12%) Dropped: 89801 (1.50%)
TrimmomaticPE: Completed successfully
epitent-2_S100_L004_R1_001
epitent-2_S100_L004_R2_001
TrimmomaticPE: Started with arguments: /home/seboles/abaloneraw/DataTemp/Female/epitent-2_S100_L004_R1_001.fastq.gz /home/seboles/abaloneraw/DataTemp/Female/epitent-2_S100_L004_R2_001.fastq.gz epitent-2_S100_L004_R1_001.qc.fq.gz s1_se epitent-2_S100_L004_R2_001.qc.fq.gz s2_se ILLUMINACLIP:/home/nreid/rnaseq/NEBnextAdapt.fa:2:40:15 LEADING:2 TRAILING:2 SLIDINGWINDOW:4:2 MINLEN:25
Multiple cores found: Using 16 threads
Using Long Clipping Sequence: 'ACACTCTTTCCCTACACGACGCTCTTCCGATC'
Using Long Clipping Sequence: 'GATCGGAAGAGCGTCGTGTAGGGAAAGAGTGT'
Using Long Clipping Sequence: 'GATCGGAAGAGCACACGTCTGAACTCCAGTC'
Using Long Clipping Sequence: 'GACTGGAGTTCAGACGTGTGCTCTTCCGATC'
ILLUMINACLIP: Using 0 prefix pairs, 4 forward/reverse sequences, 0 forward only sequences, 0 reverse only sequences
Quality encoding detected as phred33
Input Read Pairs: 7686138 Both Surviving: 7615962 (99.09%) Forward Only Surviving: 1190 (0.02%) Reverse Only Surviving: 5108 (0.07%) Dropped: 63878 (0.83%)
TrimmomaticPE: Completed successfully
fgonad-1_S101_L004_R1_001
fgonad-1_S101_L004_R2_001
TrimmomaticPE: Started with arguments: /home/seboles/abaloneraw/DataTemp/Female/fgonad-1_S101_L004_R1_001.fastq.gz /home/seboles/abaloneraw/DataTemp/Female/fgonad-1_S101_L004_R2_001.fastq.gz fgonad-1_S101_L004_R1_001.qc.fq.gz s1_se fgonad-1_S101_L004_R2_001.qc.fq.gz s2_se ILLUMINACLIP:/home/nreid/rnaseq/NEBnextAdapt.fa:2:40:15 LEADING:2 TRAILING:2 SLIDINGWINDOW:4:2 MINLEN:25
Multiple cores found: Using 16 threads
Using Long Clipping Sequence: 'ACACTCTTTCCCTACACGACGCTCTTCCGATC'
Using Long Clipping Sequence: 'GATCGGAAGAGCGTCGTGTAGGGAAAGAGTGT'
Using Long Clipping Sequence: 'GATCGGAAGAGCACACGTCTGAACTCCAGTC'
Using Long Clipping Sequence: 'GACTGGAGTTCAGACGTGTGCTCTTCCGATC'
ILLUMINACLIP: Using 0 prefix pairs, 4 forward/reverse sequences, 0 forward only sequences, 0 reverse only sequences
Quality encoding detected as phred33
Input Read Pairs: 9290729 Both Surviving: 9128998 (98.26%) Forward Only Surviving: 2779 (0.03%) Reverse Only Surviving: 5021 (0.05%) Dropped: 153931 (1.66%)
TrimmomaticPE: Completed successfully
fgonad-2_S102_L004_R1_001
fgonad-2_S102_L004_R2_001
TrimmomaticPE: Started with arguments: /home/seboles/abaloneraw/DataTemp/Female/fgonad-2_S102_L004_R1_001.fastq.gz /home/seboles/abaloneraw/DataTemp/Female/fgonad-2_S102_L004_R2_001.fastq.gz fgonad-2_S102_L004_R1_001.qc.fq.gz s1_se fgonad-2_S102_L004_R2_001.qc.fq.gz s2_se ILLUMINACLIP:/home/nreid/rnaseq/NEBnextAdapt.fa:2:40:15 LEADING:2 TRAILING:2 SLIDINGWINDOW:4:2 MINLEN:25
Multiple cores found: Using 16 threads
Using Long Clipping Sequence: 'ACACTCTTTCCCTACACGACGCTCTTCCGATC'
Using Long Clipping Sequence: 'GATCGGAAGAGCGTCGTGTAGGGAAAGAGTGT'
Using Long Clipping Sequence: 'GATCGGAAGAGCACACGTCTGAACTCCAGTC'
Using Long Clipping Sequence: 'GACTGGAGTTCAGACGTGTGCTCTTCCGATC'
ILLUMINACLIP: Using 0 prefix pairs, 4 forward/reverse sequences, 0 forward only sequences, 0 reverse only sequences
Quality encoding detected as phred33
Input Read Pairs: 9765504 Both Surviving: 9764663 (99.99%) Forward Only Surviving: 137 (0.00%) Reverse Only Surviving: 53 (0.00%) Dropped: 651 (0.01%)
TrimmomaticPE: Completed successfully
foot-1_S103_L004_R1_001
foot-1_S103_L004_R2_001
TrimmomaticPE: Started with arguments: /home/seboles/abaloneraw/DataTemp/Female/foot-1_S103_L004_R1_001.fastq.gz /home/seboles/abaloneraw/DataTemp/Female/foot-1_S103_L004_R2_001.fastq.gz foot-1_S103_L004_R1_001.qc.fq.gz s1_se foot-1_S103_L004_R2_001.qc.fq.gz s2_se ILLUMINACLIP:/home/nreid/rnaseq/NEBnextAdapt.fa:2:40:15 LEADING:2 TRAILING:2 SLIDINGWINDOW:4:2 MINLEN:25
Multiple cores found: Using 16 threads
Using Long Clipping Sequence: 'ACACTCTTTCCCTACACGACGCTCTTCCGATC'
Using Long Clipping Sequence: 'GATCGGAAGAGCGTCGTGTAGGGAAAGAGTGT'
Using Long Clipping Sequence: 'GATCGGAAGAGCACACGTCTGAACTCCAGTC'
Using Long Clipping Sequence: 'GACTGGAGTTCAGACGTGTGCTCTTCCGATC'
ILLUMINACLIP: Using 0 prefix pairs, 4 forward/reverse sequences, 0 forward only sequences, 0 reverse only sequences
Quality encoding detected as phred33
Input Read Pairs: 9108233 Both Surviving: 9104902 (99.96%) Forward Only Surviving: 157 (0.00%) Reverse Only Surviving: 218 (0.00%) Dropped: 2956 (0.03%)
TrimmomaticPE: Completed successfully
foot-2_S104_L004_R1_001
foot-2_S104_L004_R2_001
TrimmomaticPE: Started with arguments: /home/seboles/abaloneraw/DataTemp/Female/foot-2_S104_L004_R1_001.fastq.gz /home/seboles/abaloneraw/DataTemp/Female/foot-2_S104_L004_R2_001.fastq.gz foot-2_S104_L004_R1_001.qc.fq.gz s1_se foot-2_S104_L004_R2_001.qc.fq.gz s2_se ILLUMINACLIP:/home/nreid/rnaseq/NEBnextAdapt.fa:2:40:15 LEADING:2 TRAILING:2 SLIDINGWINDOW:4:2 MINLEN:25
Multiple cores found: Using 16 threads
Using Long Clipping Sequence: 'ACACTCTTTCCCTACACGACGCTCTTCCGATC'
Using Long Clipping Sequence: 'GATCGGAAGAGCGTCGTGTAGGGAAAGAGTGT'
Using Long Clipping Sequence: 'GATCGGAAGAGCACACGTCTGAACTCCAGTC'
Using Long Clipping Sequence: 'GACTGGAGTTCAGACGTGTGCTCTTCCGATC'
ILLUMINACLIP: Using 0 prefix pairs, 4 forward/reverse sequences, 0 forward only sequences, 0 reverse only sequences
Quality encoding detected as phred33
Input Read Pairs: 9348109 Both Surviving: 9344464 (99.96%) Forward Only Surviving: 156 (0.00%) Reverse Only Surviving: 330 (0.00%) Dropped: 3159 (0.03%)
TrimmomaticPE: Completed successfully
ganglion-1_S105_L004_R1_001
ganglion-1_S105_L004_R2_001
TrimmomaticPE: Started with arguments: /home/seboles/abaloneraw/DataTemp/Female/ganglion-1_S105_L004_R1_001.fastq.gz /home/seboles/abaloneraw/DataTemp/Female/ganglion-1_S105_L004_R2_001.fastq.gz ganglion-1_S105_L004_R1_001.qc.fq.gz s1_se ganglion-1_S105_L004_R2_001.qc.fq.gz s2_se ILLUMINACLIP:/home/nreid/rnaseq/NEBnextAdapt.fa:2:40:15 LEADING:2 TRAILING:2 SLIDINGWINDOW:4:2 MINLEN:25
Multiple cores found: Using 16 threads
Using Long Clipping Sequence: 'ACACTCTTTCCCTACACGACGCTCTTCCGATC'
Using Long Clipping Sequence: 'GATCGGAAGAGCGTCGTGTAGGGAAAGAGTGT'
Using Long Clipping Sequence: 'GATCGGAAGAGCACACGTCTGAACTCCAGTC'
Using Long Clipping Sequence: 'GACTGGAGTTCAGACGTGTGCTCTTCCGATC'
ILLUMINACLIP: Using 0 prefix pairs, 4 forward/reverse sequences, 0 forward only sequences, 0 reverse only sequences
Quality encoding detected as phred33
Input Read Pairs: 8482831 Both Surviving: 8380431 (98.79%) Forward Only Surviving: 1789 (0.02%) Reverse Only Surviving: 3027 (0.04%) Dropped: 97584 (1.15%)
TrimmomaticPE: Completed successfully
ganglion-2_S106_L004_R1_001
ganglion-2_S106_L004_R2_001
TrimmomaticPE: Started with arguments: /home/seboles/abaloneraw/DataTemp/Female/ganglion-2_S106_L004_R1_001.fastq.gz /home/seboles/abaloneraw/DataTemp/Female/ganglion-2_S106_L004_R2_001.fastq.gz ganglion-2_S106_L004_R1_001.qc.fq.gz s1_se ganglion-2_S106_L004_R2_001.qc.fq.gz s2_se ILLUMINACLIP:/home/nreid/rnaseq/NEBnextAdapt.fa:2:40:15 LEADING:2 TRAILING:2 SLIDINGWINDOW:4:2 MINLEN:25
Multiple cores found: Using 16 threads
Using Long Clipping Sequence: 'ACACTCTTTCCCTACACGACGCTCTTCCGATC'
Using Long Clipping Sequence: 'GATCGGAAGAGCGTCGTGTAGGGAAAGAGTGT'
Using Long Clipping Sequence: 'GATCGGAAGAGCACACGTCTGAACTCCAGTC'
Using Long Clipping Sequence: 'GACTGGAGTTCAGACGTGTGCTCTTCCGATC'
ILLUMINACLIP: Using 0 prefix pairs, 4 forward/reverse sequences, 0 forward only sequences, 0 reverse only sequences
Quality encoding detected as phred33
Input Read Pairs: 10458645 Both Surviving: 10457626 (99.99%) Forward Only Surviving: 95 (0.00%) Reverse Only Surviving: 69 (0.00%) Dropped: 855 (0.01%)
TrimmomaticPE: Completed successfully
gill-1_S107_L004_R1_001
gill-1_S107_L004_R2_001
TrimmomaticPE: Started with arguments: /home/seboles/abaloneraw/DataTemp/Female/gill-1_S107_L004_R1_001.fastq.gz /home/seboles/abaloneraw/DataTemp/Female/gill-1_S107_L004_R2_001.fastq.gz gill-1_S107_L004_R1_001.qc.fq.gz s1_se gill-1_S107_L004_R2_001.qc.fq.gz s2_se ILLUMINACLIP:/home/nreid/rnaseq/NEBnextAdapt.fa:2:40:15 LEADING:2 TRAILING:2 SLIDINGWINDOW:4:2 MINLEN:25
Multiple cores found: Using 16 threads
Using Long Clipping Sequence: 'ACACTCTTTCCCTACACGACGCTCTTCCGATC'
Using Long Clipping Sequence: 'GATCGGAAGAGCGTCGTGTAGGGAAAGAGTGT'
Using Long Clipping Sequence: 'GATCGGAAGAGCACACGTCTGAACTCCAGTC'
Using Long Clipping Sequence: 'GACTGGAGTTCAGACGTGTGCTCTTCCGATC'
ILLUMINACLIP: Using 0 prefix pairs, 4 forward/reverse sequences, 0 forward only sequences, 0 reverse only sequences
Quality encoding detected as phred33
Input Read Pairs: 7391298 Both Surviving: 7389408 (99.97%) Forward Only Surviving: 90 (0.00%) Reverse Only Surviving: 109 (0.00%) Dropped: 1691 (0.02%)
TrimmomaticPE: Completed successfully
gill-2_S108_L004_R1_001
gill-2_S108_L004_R2_001
TrimmomaticPE: Started with arguments: /home/seboles/abaloneraw/DataTemp/Female/gill-2_S108_L004_R1_001.fastq.gz /home/seboles/abaloneraw/DataTemp/Female/gill-2_S108_L004_R2_001.fastq.gz gill-2_S108_L004_R1_001.qc.fq.gz s1_se gill-2_S108_L004_R2_001.qc.fq.gz s2_se ILLUMINACLIP:/home/nreid/rnaseq/NEBnextAdapt.fa:2:40:15 LEADING:2 TRAILING:2 SLIDINGWINDOW:4:2 MINLEN:25
Multiple cores found: Using 16 threads
Using Long Clipping Sequence: 'ACACTCTTTCCCTACACGACGCTCTTCCGATC'
Using Long Clipping Sequence: 'GATCGGAAGAGCGTCGTGTAGGGAAAGAGTGT'
Using Long Clipping Sequence: 'GATCGGAAGAGCACACGTCTGAACTCCAGTC'
Using Long Clipping Sequence: 'GACTGGAGTTCAGACGTGTGCTCTTCCGATC'
ILLUMINACLIP: Using 0 prefix pairs, 4 forward/reverse sequences, 0 forward only sequences, 0 reverse only sequences
Quality encoding detected as phred33
Input Read Pairs: 8034603 Both Surviving: 8033026 (99.98%) Forward Only Surviving: 86 (0.00%) Reverse Only Surviving: 78 (0.00%) Dropped: 1413 (0.02%)
TrimmomaticPE: Completed successfully
heart-1_S109_L004_R1_001
heart-1_S109_L004_R2_001
TrimmomaticPE: Started with arguments: /home/seboles/abaloneraw/DataTemp/Female/heart-1_S109_L004_R1_001.fastq.gz /home/seboles/abaloneraw/DataTemp/Female/heart-1_S109_L004_R2_001.fastq.gz heart-1_S109_L004_R1_001.qc.fq.gz s1_se heart-1_S109_L004_R2_001.qc.fq.gz s2_se ILLUMINACLIP:/home/nreid/rnaseq/NEBnextAdapt.fa:2:40:15 LEADING:2 TRAILING:2 SLIDINGWINDOW:4:2 MINLEN:25
Multiple cores found: Using 16 threads
Using Long Clipping Sequence: 'ACACTCTTTCCCTACACGACGCTCTTCCGATC'
Using Long Clipping Sequence: 'GATCGGAAGAGCGTCGTGTAGGGAAAGAGTGT'
Using Long Clipping Sequence: 'GATCGGAAGAGCACACGTCTGAACTCCAGTC'
Using Long Clipping Sequence: 'GACTGGAGTTCAGACGTGTGCTCTTCCGATC'
ILLUMINACLIP: Using 0 prefix pairs, 4 forward/reverse sequences, 0 forward only sequences, 0 reverse only sequences
Quality encoding detected as phred33
Input Read Pairs: 6701518 Both Surviving: 6620366 (98.79%) Forward Only Surviving: 1309 (0.02%) Reverse Only Surviving: 2450 (0.04%) Dropped: 77393 (1.15%)
TrimmomaticPE: Completed successfully
heart-2_S110_L004_R1_001
heart-2_S110_L004_R2_001
TrimmomaticPE: Started with arguments: /home/seboles/abaloneraw/DataTemp/Female/heart-2_S110_L004_R1_001.fastq.gz /home/seboles/abaloneraw/DataTemp/Female/heart-2_S110_L004_R2_001.fastq.gz heart-2_S110_L004_R1_001.qc.fq.gz s1_se heart-2_S110_L004_R2_001.qc.fq.gz s2_se ILLUMINACLIP:/home/nreid/rnaseq/NEBnextAdapt.fa:2:40:15 LEADING:2 TRAILING:2 SLIDINGWINDOW:4:2 MINLEN:25
Multiple cores found: Using 16 threads
Using Long Clipping Sequence: 'ACACTCTTTCCCTACACGACGCTCTTCCGATC'
Using Long Clipping Sequence: 'GATCGGAAGAGCGTCGTGTAGGGAAAGAGTGT'
Using Long Clipping Sequence: 'GATCGGAAGAGCACACGTCTGAACTCCAGTC'
Using Long Clipping Sequence: 'GACTGGAGTTCAGACGTGTGCTCTTCCGATC'
ILLUMINACLIP: Using 0 prefix pairs, 4 forward/reverse sequences, 0 forward only sequences, 0 reverse only sequences
Quality encoding detected as phred33
Input Read Pairs: 7362340 Both Surviving: 7359623 (99.96%) Forward Only Surviving: 89 (0.00%) Reverse Only Surviving: 161 (0.00%) Dropped: 2467 (0.03%)
TrimmomaticPE: Completed successfully
kidney-1_S112_L004_R1_001
kidney-1_S112_L004_R2_001
TrimmomaticPE: Started with arguments: /home/seboles/abaloneraw/DataTemp/Female/kidney-1_S112_L004_R1_001.fastq.gz /home/seboles/abaloneraw/DataTemp/Female/kidney-1_S112_L004_R2_001.fastq.gz kidney-1_S112_L004_R1_001.qc.fq.gz s1_se kidney-1_S112_L004_R2_001.qc.fq.gz s2_se ILLUMINACLIP:/home/nreid/rnaseq/NEBnextAdapt.fa:2:40:15 LEADING:2 TRAILING:2 SLIDINGWINDOW:4:2 MINLEN:25
Multiple cores found: Using 16 threads
Using Long Clipping Sequence: 'ACACTCTTTCCCTACACGACGCTCTTCCGATC'
Using Long Clipping Sequence: 'GATCGGAAGAGCGTCGTGTAGGGAAAGAGTGT'
Using Long Clipping Sequence: 'GATCGGAAGAGCACACGTCTGAACTCCAGTC'
Using Long Clipping Sequence: 'GACTGGAGTTCAGACGTGTGCTCTTCCGATC'
ILLUMINACLIP: Using 0 prefix pairs, 4 forward/reverse sequences, 0 forward only sequences, 0 reverse only sequences
Quality encoding detected as phred33
Input Read Pairs: 10064369 Both Surviving: 9951149 (98.88%) Forward Only Surviving: 1790 (0.02%) Reverse Only Surviving: 3477 (0.03%) Dropped: 107953 (1.07%)
TrimmomaticPE: Completed successfully
kidney-2_S113_L004_R1_001
kidney-2_S113_L004_R2_001
TrimmomaticPE: Started with arguments: /home/seboles/abaloneraw/DataTemp/Female/kidney-2_S113_L004_R1_001.fastq.gz /home/seboles/abaloneraw/DataTemp/Female/kidney-2_S113_L004_R2_001.fastq.gz kidney-2_S113_L004_R1_001.qc.fq.gz s1_se kidney-2_S113_L004_R2_001.qc.fq.gz s2_se ILLUMINACLIP:/home/nreid/rnaseq/NEBnextAdapt.fa:2:40:15 LEADING:2 TRAILING:2 SLIDINGWINDOW:4:2 MINLEN:25
Multiple cores found: Using 16 threads
Using Long Clipping Sequence: 'ACACTCTTTCCCTACACGACGCTCTTCCGATC'
Using Long Clipping Sequence: 'GATCGGAAGAGCGTCGTGTAGGGAAAGAGTGT'
Using Long Clipping Sequence: 'GATCGGAAGAGCACACGTCTGAACTCCAGTC'
Using Long Clipping Sequence: 'GACTGGAGTTCAGACGTGTGCTCTTCCGATC'
ILLUMINACLIP: Using 0 prefix pairs, 4 forward/reverse sequences, 0 forward only sequences, 0 reverse only sequences
Quality encoding detected as phred33
Input Read Pairs: 7844476 Both Surviving: 7774458 (99.11%) Forward Only Surviving: 1121 (0.01%) Reverse Only Surviving: 2071 (0.03%) Dropped: 66826 (0.85%)
TrimmomaticPE: Completed successfully
liver-1_S116_L004_R1_001
liver-1_S116_L004_R2_001
TrimmomaticPE: Started with arguments: /home/seboles/abaloneraw/DataTemp/Female/liver-1_S116_L004_R1_001.fastq.gz /home/seboles/abaloneraw/DataTemp/Female/liver-1_S116_L004_R2_001.fastq.gz liver-1_S116_L004_R1_001.qc.fq.gz s1_se liver-1_S116_L004_R2_001.qc.fq.gz s2_se ILLUMINACLIP:/home/nreid/rnaseq/NEBnextAdapt.fa:2:40:15 LEADING:2 TRAILING:2 SLIDINGWINDOW:4:2 MINLEN:25
Multiple cores found: Using 16 threads
Using Long Clipping Sequence: 'ACACTCTTTCCCTACACGACGCTCTTCCGATC'
Using Long Clipping Sequence: 'GATCGGAAGAGCGTCGTGTAGGGAAAGAGTGT'
Using Long Clipping Sequence: 'GATCGGAAGAGCACACGTCTGAACTCCAGTC'
Using Long Clipping Sequence: 'GACTGGAGTTCAGACGTGTGCTCTTCCGATC'
ILLUMINACLIP: Using 0 prefix pairs, 4 forward/reverse sequences, 0 forward only sequences, 0 reverse only sequences
Quality encoding detected as phred33
Input Read Pairs: 7921131 Both Surviving: 7773923 (98.14%) Forward Only Surviving: 2606 (0.03%) Reverse Only Surviving: 5905 (0.07%) Dropped: 138697 (1.75%)
TrimmomaticPE: Completed successfully
liver-2_S117_L004_R1_001
liver-2_S117_L004_R2_001
TrimmomaticPE: Started with arguments: /home/seboles/abaloneraw/DataTemp/Female/liver-2_S117_L004_R1_001.fastq.gz /home/seboles/abaloneraw/DataTemp/Female/liver-2_S117_L004_R2_001.fastq.gz liver-2_S117_L004_R1_001.qc.fq.gz s1_se liver-2_S117_L004_R2_001.qc.fq.gz s2_se ILLUMINACLIP:/home/nreid/rnaseq/NEBnextAdapt.fa:2:40:15 LEADING:2 TRAILING:2 SLIDINGWINDOW:4:2 MINLEN:25
Multiple cores found: Using 16 threads
Using Long Clipping Sequence: 'ACACTCTTTCCCTACACGACGCTCTTCCGATC'
Using Long Clipping Sequence: 'GATCGGAAGAGCGTCGTGTAGGGAAAGAGTGT'
Using Long Clipping Sequence: 'GATCGGAAGAGCACACGTCTGAACTCCAGTC'
Using Long Clipping Sequence: 'GACTGGAGTTCAGACGTGTGCTCTTCCGATC'
ILLUMINACLIP: Using 0 prefix pairs, 4 forward/reverse sequences, 0 forward only sequences, 0 reverse only sequences
Quality encoding detected as phred33
Input Read Pairs: 4596787 Both Surviving: 4545464 (98.88%) Forward Only Surviving: 795 (0.02%) Reverse Only Surviving: 1570 (0.03%) Dropped: 48958 (1.07%)
TrimmomaticPE: Completed successfully
mantle-1_S118_L004_R1_001
mantle-1_S118_L004_R2_001
TrimmomaticPE: Started with arguments: /home/seboles/abaloneraw/DataTemp/Female/mantle-1_S118_L004_R1_001.fastq.gz /home/seboles/abaloneraw/DataTemp/Female/mantle-1_S118_L004_R2_001.fastq.gz mantle-1_S118_L004_R1_001.qc.fq.gz s1_se mantle-1_S118_L004_R2_001.qc.fq.gz s2_se ILLUMINACLIP:/home/nreid/rnaseq/NEBnextAdapt.fa:2:40:15 LEADING:2 TRAILING:2 SLIDINGWINDOW:4:2 MINLEN:25
Multiple cores found: Using 16 threads
Using Long Clipping Sequence: 'ACACTCTTTCCCTACACGACGCTCTTCCGATC'
Using Long Clipping Sequence: 'GATCGGAAGAGCGTCGTGTAGGGAAAGAGTGT'
Using Long Clipping Sequence: 'GATCGGAAGAGCACACGTCTGAACTCCAGTC'
Using Long Clipping Sequence: 'GACTGGAGTTCAGACGTGTGCTCTTCCGATC'
ILLUMINACLIP: Using 0 prefix pairs, 4 forward/reverse sequences, 0 forward only sequences, 0 reverse only sequences
Quality encoding detected as phred33
Input Read Pairs: 9371749 Both Surviving: 9370217 (99.98%) Forward Only Surviving: 110 (0.00%) Reverse Only Surviving: 112 (0.00%) Dropped: 1310 (0.01%)
TrimmomaticPE: Completed successfully
mantle-2_S119_L004_R1_001
mantle-2_S119_L004_R2_001
TrimmomaticPE: Started with arguments: /home/seboles/abaloneraw/DataTemp/Female/mantle-2_S119_L004_R1_001.fastq.gz /home/seboles/abaloneraw/DataTemp/Female/mantle-2_S119_L004_R2_001.fastq.gz mantle-2_S119_L004_R1_001.qc.fq.gz s1_se mantle-2_S119_L004_R2_001.qc.fq.gz s2_se ILLUMINACLIP:/home/nreid/rnaseq/NEBnextAdapt.fa:2:40:15 LEADING:2 TRAILING:2 SLIDINGWINDOW:4:2 MINLEN:25
Multiple cores found: Using 16 threads
Using Long Clipping Sequence: 'ACACTCTTTCCCTACACGACGCTCTTCCGATC'
Using Long Clipping Sequence: 'GATCGGAAGAGCGTCGTGTAGGGAAAGAGTGT'
Using Long Clipping Sequence: 'GATCGGAAGAGCACACGTCTGAACTCCAGTC'
Using Long Clipping Sequence: 'GACTGGAGTTCAGACGTGTGCTCTTCCGATC'
ILLUMINACLIP: Using 0 prefix pairs, 4 forward/reverse sequences, 0 forward only sequences, 0 reverse only sequences
Quality encoding detected as phred33
Input Read Pairs: 9768226 Both Surviving: 9767532 (99.99%) Forward Only Surviving: 89 (0.00%) Reverse Only Surviving: 68 (0.00%) Dropped: 537 (0.01%)
TrimmomaticPE: Completed successfully
postesophagus-1_S122_L004_R1_001
postesophagus-1_S122_L004_R2_001
TrimmomaticPE: Started with arguments: /home/seboles/abaloneraw/DataTemp/Female/postesophagus-1_S122_L004_R1_001.fastq.gz /home/seboles/abaloneraw/DataTemp/Female/postesophagus-1_S122_L004_R2_001.fastq.gz postesophagus-1_S122_L004_R1_001.qc.fq.gz s1_se postesophagus-1_S122_L004_R2_001.qc.fq.gz s2_se ILLUMINACLIP:/home/nreid/rnaseq/NEBnextAdapt.fa:2:40:15 LEADING:2 TRAILING:2 SLIDINGWINDOW:4:2 MINLEN:25
Multiple cores found: Using 16 threads
Using Long Clipping Sequence: 'ACACTCTTTCCCTACACGACGCTCTTCCGATC'
Using Long Clipping Sequence: 'GATCGGAAGAGCGTCGTGTAGGGAAAGAGTGT'
Using Long Clipping Sequence: 'GATCGGAAGAGCACACGTCTGAACTCCAGTC'
Using Long Clipping Sequence: 'GACTGGAGTTCAGACGTGTGCTCTTCCGATC'
ILLUMINACLIP: Using 0 prefix pairs, 4 forward/reverse sequences, 0 forward only sequences, 0 reverse only sequences
Quality encoding detected as phred33
Input Read Pairs: 8435838 Both Surviving: 8309214 (98.50%) Forward Only Surviving: 2098 (0.02%) Reverse Only Surviving: 10376 (0.12%) Dropped: 114150 (1.35%)
TrimmomaticPE: Completed successfully
postesophagus-2_S123_L004_R1_001
postesophagus-2_S123_L004_R2_001
TrimmomaticPE: Started with arguments: /home/seboles/abaloneraw/DataTemp/Female/postesophagus-2_S123_L004_R1_001.fastq.gz /home/seboles/abaloneraw/DataTemp/Female/postesophagus-2_S123_L004_R2_001.fastq.gz postesophagus-2_S123_L004_R1_001.qc.fq.gz s1_se postesophagus-2_S123_L004_R2_001.qc.fq.gz s2_se ILLUMINACLIP:/home/nreid/rnaseq/NEBnextAdapt.fa:2:40:15 LEADING:2 TRAILING:2 SLIDINGWINDOW:4:2 MINLEN:25
Multiple cores found: Using 16 threads
Using Long Clipping Sequence: 'ACACTCTTTCCCTACACGACGCTCTTCCGATC'
Using Long Clipping Sequence: 'GATCGGAAGAGCGTCGTGTAGGGAAAGAGTGT'
Using Long Clipping Sequence: 'GATCGGAAGAGCACACGTCTGAACTCCAGTC'
Using Long Clipping Sequence: 'GACTGGAGTTCAGACGTGTGCTCTTCCGATC'
ILLUMINACLIP: Using 0 prefix pairs, 4 forward/reverse sequences, 0 forward only sequences, 0 reverse only sequences
Quality encoding detected as phred33
Input Read Pairs: 10916869 Both Surviving: 10915675 (99.99%) Forward Only Surviving: 156 (0.00%) Reverse Only Surviving: 74 (0.00%) Dropped: 964 (0.01%)
TrimmomaticPE: Completed successfully
