Module slurm/16.05.5 loaded 
Module openmpi/2.0.1 loaded 
cephalictent-1_S93_L005_R1_001
cephalictent-1_S93_L005_R2_001
TrimmomaticPE: Started with arguments: /home/seboles/abaloneraw/DataLane5/RawLane5/FemaleLane5/cephalictent-1_S93_L005_R1_001.fastq.gz /home/seboles/abaloneraw/DataLane5/RawLane5/FemaleLane5/cephalictent-1_S93_L005_R2_001.fastq.gz cephalictent-1_S93_L005_R1_001.qc.fq.gz s1_se cephalictent-1_S93_L005_R2_001.qc.fq.gz s2_se ILLUMINACLIP:/home/nreid/rnaseq/NEBnextAdapt.fa:2:40:15 LEADING:2 TRAILING:2 SLIDINGWINDOW:4:2 MINLEN:25
Multiple cores found: Using 16 threads
Using Long Clipping Sequence: 'ACACTCTTTCCCTACACGACGCTCTTCCGATC'
Using Long Clipping Sequence: 'GATCGGAAGAGCGTCGTGTAGGGAAAGAGTGT'
Using Long Clipping Sequence: 'GATCGGAAGAGCACACGTCTGAACTCCAGTC'
Using Long Clipping Sequence: 'GACTGGAGTTCAGACGTGTGCTCTTCCGATC'
ILLUMINACLIP: Using 0 prefix pairs, 4 forward/reverse sequences, 0 forward only sequences, 0 reverse only sequences
Quality encoding detected as phred33
Input Read Pairs: 7109857 Both Surviving: 6872634 (96.66%) Forward Only Surviving: 4237 (0.06%) Reverse Only Surviving: 7366 (0.10%) Dropped: 225620 (3.17%)
TrimmomaticPE: Completed successfully
cephalictent-2_S94_L005_R1_001
cephalictent-2_S94_L005_R2_001
TrimmomaticPE: Started with arguments: /home/seboles/abaloneraw/DataLane5/RawLane5/FemaleLane5/cephalictent-2_S94_L005_R1_001.fastq.gz /home/seboles/abaloneraw/DataLane5/RawLane5/FemaleLane5/cephalictent-2_S94_L005_R2_001.fastq.gz cephalictent-2_S94_L005_R1_001.qc.fq.gz s1_se cephalictent-2_S94_L005_R2_001.qc.fq.gz s2_se ILLUMINACLIP:/home/nreid/rnaseq/NEBnextAdapt.fa:2:40:15 LEADING:2 TRAILING:2 SLIDINGWINDOW:4:2 MINLEN:25
Multiple cores found: Using 16 threads
Using Long Clipping Sequence: 'ACACTCTTTCCCTACACGACGCTCTTCCGATC'
Using Long Clipping Sequence: 'GATCGGAAGAGCGTCGTGTAGGGAAAGAGTGT'
Using Long Clipping Sequence: 'GATCGGAAGAGCACACGTCTGAACTCCAGTC'
Using Long Clipping Sequence: 'GACTGGAGTTCAGACGTGTGCTCTTCCGATC'
ILLUMINACLIP: Using 0 prefix pairs, 4 forward/reverse sequences, 0 forward only sequences, 0 reverse only sequences
Quality encoding detected as phred33
Input Read Pairs: 10416300 Both Surviving: 10415470 (99.99%) Forward Only Surviving: 120 (0.00%) Reverse Only Surviving: 54 (0.00%) Dropped: 656 (0.01%)
TrimmomaticPE: Completed successfully
epipodal-1_S97_L005_R1_001
epipodal-1_S97_L005_R2_001
TrimmomaticPE: Started with arguments: /home/seboles/abaloneraw/DataLane5/RawLane5/FemaleLane5/epipodal-1_S97_L005_R1_001.fastq.gz /home/seboles/abaloneraw/DataLane5/RawLane5/FemaleLane5/epipodal-1_S97_L005_R2_001.fastq.gz epipodal-1_S97_L005_R1_001.qc.fq.gz s1_se epipodal-1_S97_L005_R2_001.qc.fq.gz s2_se ILLUMINACLIP:/home/nreid/rnaseq/NEBnextAdapt.fa:2:40:15 LEADING:2 TRAILING:2 SLIDINGWINDOW:4:2 MINLEN:25
Multiple cores found: Using 16 threads
Using Long Clipping Sequence: 'ACACTCTTTCCCTACACGACGCTCTTCCGATC'
Using Long Clipping Sequence: 'GATCGGAAGAGCGTCGTGTAGGGAAAGAGTGT'
Using Long Clipping Sequence: 'GATCGGAAGAGCACACGTCTGAACTCCAGTC'
Using Long Clipping Sequence: 'GACTGGAGTTCAGACGTGTGCTCTTCCGATC'
ILLUMINACLIP: Using 0 prefix pairs, 4 forward/reverse sequences, 0 forward only sequences, 0 reverse only sequences
Quality encoding detected as phred33
Input Read Pairs: 17373454 Both Surviving: 17095378 (98.40%) Forward Only Surviving: 5012 (0.03%) Reverse Only Surviving: 21358 (0.12%) Dropped: 251706 (1.45%)
TrimmomaticPE: Completed successfully
epipodal-2_S98_L005_R1_001
epipodal-2_S98_L005_R2_001
TrimmomaticPE: Started with arguments: /home/seboles/abaloneraw/DataLane5/RawLane5/FemaleLane5/epipodal-2_S98_L005_R1_001.fastq.gz /home/seboles/abaloneraw/DataLane5/RawLane5/FemaleLane5/epipodal-2_S98_L005_R2_001.fastq.gz epipodal-2_S98_L005_R1_001.qc.fq.gz s1_se epipodal-2_S98_L005_R2_001.qc.fq.gz s2_se ILLUMINACLIP:/home/nreid/rnaseq/NEBnextAdapt.fa:2:40:15 LEADING:2 TRAILING:2 SLIDINGWINDOW:4:2 MINLEN:25
Multiple cores found: Using 16 threads
Using Long Clipping Sequence: 'ACACTCTTTCCCTACACGACGCTCTTCCGATC'
Using Long Clipping Sequence: 'GATCGGAAGAGCGTCGTGTAGGGAAAGAGTGT'
Using Long Clipping Sequence: 'GATCGGAAGAGCACACGTCTGAACTCCAGTC'
Using Long Clipping Sequence: 'GACTGGAGTTCAGACGTGTGCTCTTCCGATC'
ILLUMINACLIP: Using 0 prefix pairs, 4 forward/reverse sequences, 0 forward only sequences, 0 reverse only sequences
Quality encoding detected as phred33
Input Read Pairs: 8162829 Both Surviving: 8004332 (98.06%) Forward Only Surviving: 2931 (0.04%) Reverse Only Surviving: 3320 (0.04%) Dropped: 152246 (1.87%)
TrimmomaticPE: Completed successfully
epitent-1_S99_L005_R1_001
epitent-1_S99_L005_R2_001
TrimmomaticPE: Started with arguments: /home/seboles/abaloneraw/DataLane5/RawLane5/FemaleLane5/epitent-1_S99_L005_R1_001.fastq.gz /home/seboles/abaloneraw/DataLane5/RawLane5/FemaleLane5/epitent-1_S99_L005_R2_001.fastq.gz epitent-1_S99_L005_R1_001.qc.fq.gz s1_se epitent-1_S99_L005_R2_001.qc.fq.gz s2_se ILLUMINACLIP:/home/nreid/rnaseq/NEBnextAdapt.fa:2:40:15 LEADING:2 TRAILING:2 SLIDINGWINDOW:4:2 MINLEN:25
Multiple cores found: Using 16 threads
Using Long Clipping Sequence: 'ACACTCTTTCCCTACACGACGCTCTTCCGATC'
Using Long Clipping Sequence: 'GATCGGAAGAGCGTCGTGTAGGGAAAGAGTGT'
Using Long Clipping Sequence: 'GATCGGAAGAGCACACGTCTGAACTCCAGTC'
Using Long Clipping Sequence: 'GACTGGAGTTCAGACGTGTGCTCTTCCGATC'
ILLUMINACLIP: Using 0 prefix pairs, 4 forward/reverse sequences, 0 forward only sequences, 0 reverse only sequences
Quality encoding detected as phred33
Input Read Pairs: 6004248 Both Surviving: 5906084 (98.37%) Forward Only Surviving: 1622 (0.03%) Reverse Only Surviving: 6219 (0.10%) Dropped: 90323 (1.50%)
TrimmomaticPE: Completed successfully
epitent-2_S100_L005_R1_001
epitent-2_S100_L005_R2_001
TrimmomaticPE: Started with arguments: /home/seboles/abaloneraw/DataLane5/RawLane5/FemaleLane5/epitent-2_S100_L005_R1_001.fastq.gz /home/seboles/abaloneraw/DataLane5/RawLane5/FemaleLane5/epitent-2_S100_L005_R2_001.fastq.gz epitent-2_S100_L005_R1_001.qc.fq.gz s1_se epitent-2_S100_L005_R2_001.qc.fq.gz s2_se ILLUMINACLIP:/home/nreid/rnaseq/NEBnextAdapt.fa:2:40:15 LEADING:2 TRAILING:2 SLIDINGWINDOW:4:2 MINLEN:25
Multiple cores found: Using 16 threads
Using Long Clipping Sequence: 'ACACTCTTTCCCTACACGACGCTCTTCCGATC'
Using Long Clipping Sequence: 'GATCGGAAGAGCGTCGTGTAGGGAAAGAGTGT'
Using Long Clipping Sequence: 'GATCGGAAGAGCACACGTCTGAACTCCAGTC'
Using Long Clipping Sequence: 'GACTGGAGTTCAGACGTGTGCTCTTCCGATC'
ILLUMINACLIP: Using 0 prefix pairs, 4 forward/reverse sequences, 0 forward only sequences, 0 reverse only sequences
Quality encoding detected as phred33
Input Read Pairs: 7710642 Both Surviving: 7640932 (99.10%) Forward Only Surviving: 1414 (0.02%) Reverse Only Surviving: 4321 (0.06%) Dropped: 63975 (0.83%)
TrimmomaticPE: Completed successfully
fgonad-1_S101_L005_R1_001
fgonad-1_S101_L005_R2_001
TrimmomaticPE: Started with arguments: /home/seboles/abaloneraw/DataLane5/RawLane5/FemaleLane5/fgonad-1_S101_L005_R1_001.fastq.gz /home/seboles/abaloneraw/DataLane5/RawLane5/FemaleLane5/fgonad-1_S101_L005_R2_001.fastq.gz fgonad-1_S101_L005_R1_001.qc.fq.gz s1_se fgonad-1_S101_L005_R2_001.qc.fq.gz s2_se ILLUMINACLIP:/home/nreid/rnaseq/NEBnextAdapt.fa:2:40:15 LEADING:2 TRAILING:2 SLIDINGWINDOW:4:2 MINLEN:25
Multiple cores found: Using 16 threads
Using Long Clipping Sequence: 'ACACTCTTTCCCTACACGACGCTCTTCCGATC'
Using Long Clipping Sequence: 'GATCGGAAGAGCGTCGTGTAGGGAAAGAGTGT'
Using Long Clipping Sequence: 'GATCGGAAGAGCACACGTCTGAACTCCAGTC'
Using Long Clipping Sequence: 'GACTGGAGTTCAGACGTGTGCTCTTCCGATC'
ILLUMINACLIP: Using 0 prefix pairs, 4 forward/reverse sequences, 0 forward only sequences, 0 reverse only sequences
Quality encoding detected as phred33
Input Read Pairs: 9326743 Both Surviving: 9164821 (98.26%) Forward Only Surviving: 3135 (0.03%) Reverse Only Surviving: 3470 (0.04%) Dropped: 155317 (1.67%)
TrimmomaticPE: Completed successfully
fgonad-2_S102_L005_R1_001
fgonad-2_S102_L005_R2_001
TrimmomaticPE: Started with arguments: /home/seboles/abaloneraw/DataLane5/RawLane5/FemaleLane5/fgonad-2_S102_L005_R1_001.fastq.gz /home/seboles/abaloneraw/DataLane5/RawLane5/FemaleLane5/fgonad-2_S102_L005_R2_001.fastq.gz fgonad-2_S102_L005_R1_001.qc.fq.gz s1_se fgonad-2_S102_L005_R2_001.qc.fq.gz s2_se ILLUMINACLIP:/home/nreid/rnaseq/NEBnextAdapt.fa:2:40:15 LEADING:2 TRAILING:2 SLIDINGWINDOW:4:2 MINLEN:25
Multiple cores found: Using 16 threads
Using Long Clipping Sequence: 'ACACTCTTTCCCTACACGACGCTCTTCCGATC'
Using Long Clipping Sequence: 'GATCGGAAGAGCGTCGTGTAGGGAAAGAGTGT'
Using Long Clipping Sequence: 'GATCGGAAGAGCACACGTCTGAACTCCAGTC'
Using Long Clipping Sequence: 'GACTGGAGTTCAGACGTGTGCTCTTCCGATC'
ILLUMINACLIP: Using 0 prefix pairs, 4 forward/reverse sequences, 0 forward only sequences, 0 reverse only sequences
Quality encoding detected as phred33
Input Read Pairs: 9745202 Both Surviving: 9744385 (99.99%) Forward Only Surviving: 161 (0.00%) Reverse Only Surviving: 32 (0.00%) Dropped: 624 (0.01%)
TrimmomaticPE: Completed successfully
foot-1_S103_L005_R1_001
foot-1_S103_L005_R2_001
TrimmomaticPE: Started with arguments: /home/seboles/abaloneraw/DataLane5/RawLane5/FemaleLane5/foot-1_S103_L005_R1_001.fastq.gz /home/seboles/abaloneraw/DataLane5/RawLane5/FemaleLane5/foot-1_S103_L005_R2_001.fastq.gz foot-1_S103_L005_R1_001.qc.fq.gz s1_se foot-1_S103_L005_R2_001.qc.fq.gz s2_se ILLUMINACLIP:/home/nreid/rnaseq/NEBnextAdapt.fa:2:40:15 LEADING:2 TRAILING:2 SLIDINGWINDOW:4:2 MINLEN:25
Multiple cores found: Using 16 threads
Using Long Clipping Sequence: 'ACACTCTTTCCCTACACGACGCTCTTCCGATC'
Using Long Clipping Sequence: 'GATCGGAAGAGCGTCGTGTAGGGAAAGAGTGT'
Using Long Clipping Sequence: 'GATCGGAAGAGCACACGTCTGAACTCCAGTC'
Using Long Clipping Sequence: 'GACTGGAGTTCAGACGTGTGCTCTTCCGATC'
ILLUMINACLIP: Using 0 prefix pairs, 4 forward/reverse sequences, 0 forward only sequences, 0 reverse only sequences
Quality encoding detected as phred33
Input Read Pairs: 9138743 Both Surviving: 9135313 (99.96%) Forward Only Surviving: 154 (0.00%) Reverse Only Surviving: 217 (0.00%) Dropped: 3059 (0.03%)
TrimmomaticPE: Completed successfully
foot-2_S104_L005_R1_001
foot-2_S104_L005_R2_001
TrimmomaticPE: Started with arguments: /home/seboles/abaloneraw/DataLane5/RawLane5/FemaleLane5/foot-2_S104_L005_R1_001.fastq.gz /home/seboles/abaloneraw/DataLane5/RawLane5/FemaleLane5/foot-2_S104_L005_R2_001.fastq.gz foot-2_S104_L005_R1_001.qc.fq.gz s1_se foot-2_S104_L005_R2_001.qc.fq.gz s2_se ILLUMINACLIP:/home/nreid/rnaseq/NEBnextAdapt.fa:2:40:15 LEADING:2 TRAILING:2 SLIDINGWINDOW:4:2 MINLEN:25
Multiple cores found: Using 16 threads
Using Long Clipping Sequence: 'ACACTCTTTCCCTACACGACGCTCTTCCGATC'
Using Long Clipping Sequence: 'GATCGGAAGAGCGTCGTGTAGGGAAAGAGTGT'
Using Long Clipping Sequence: 'GATCGGAAGAGCACACGTCTGAACTCCAGTC'
Using Long Clipping Sequence: 'GACTGGAGTTCAGACGTGTGCTCTTCCGATC'
ILLUMINACLIP: Using 0 prefix pairs, 4 forward/reverse sequences, 0 forward only sequences, 0 reverse only sequences
Quality encoding detected as phred33
Input Read Pairs: 9392196 Both Surviving: 9388603 (99.96%) Forward Only Surviving: 150 (0.00%) Reverse Only Surviving: 275 (0.00%) Dropped: 3168 (0.03%)
TrimmomaticPE: Completed successfully
ganglion-1_S105_L005_R1_001
ganglion-1_S105_L005_R2_001
TrimmomaticPE: Started with arguments: /home/seboles/abaloneraw/DataLane5/RawLane5/FemaleLane5/ganglion-1_S105_L005_R1_001.fastq.gz /home/seboles/abaloneraw/DataLane5/RawLane5/FemaleLane5/ganglion-1_S105_L005_R2_001.fastq.gz ganglion-1_S105_L005_R1_001.qc.fq.gz s1_se ganglion-1_S105_L005_R2_001.qc.fq.gz s2_se ILLUMINACLIP:/home/nreid/rnaseq/NEBnextAdapt.fa:2:40:15 LEADING:2 TRAILING:2 SLIDINGWINDOW:4:2 MINLEN:25
Multiple cores found: Using 16 threads
Using Long Clipping Sequence: 'ACACTCTTTCCCTACACGACGCTCTTCCGATC'
Using Long Clipping Sequence: 'GATCGGAAGAGCGTCGTGTAGGGAAAGAGTGT'
Using Long Clipping Sequence: 'GATCGGAAGAGCACACGTCTGAACTCCAGTC'
Using Long Clipping Sequence: 'GACTGGAGTTCAGACGTGTGCTCTTCCGATC'
ILLUMINACLIP: Using 0 prefix pairs, 4 forward/reverse sequences, 0 forward only sequences, 0 reverse only sequences
Quality encoding detected as phred33
Input Read Pairs: 8512845 Both Surviving: 8410090 (98.79%) Forward Only Surviving: 2068 (0.02%) Reverse Only Surviving: 2084 (0.02%) Dropped: 98603 (1.16%)
TrimmomaticPE: Completed successfully
ganglion-2_S106_L005_R1_001
ganglion-2_S106_L005_R2_001
TrimmomaticPE: Started with arguments: /home/seboles/abaloneraw/DataLane5/RawLane5/FemaleLane5/ganglion-2_S106_L005_R1_001.fastq.gz /home/seboles/abaloneraw/DataLane5/RawLane5/FemaleLane5/ganglion-2_S106_L005_R2_001.fastq.gz ganglion-2_S106_L005_R1_001.qc.fq.gz s1_se ganglion-2_S106_L005_R2_001.qc.fq.gz s2_se ILLUMINACLIP:/home/nreid/rnaseq/NEBnextAdapt.fa:2:40:15 LEADING:2 TRAILING:2 SLIDINGWINDOW:4:2 MINLEN:25
Multiple cores found: Using 16 threads
Using Long Clipping Sequence: 'ACACTCTTTCCCTACACGACGCTCTTCCGATC'
Using Long Clipping Sequence: 'GATCGGAAGAGCGTCGTGTAGGGAAAGAGTGT'
Using Long Clipping Sequence: 'GATCGGAAGAGCACACGTCTGAACTCCAGTC'
Using Long Clipping Sequence: 'GACTGGAGTTCAGACGTGTGCTCTTCCGATC'
ILLUMINACLIP: Using 0 prefix pairs, 4 forward/reverse sequences, 0 forward only sequences, 0 reverse only sequences
Quality encoding detected as phred33
Input Read Pairs: 10445131 Both Surviving: 10444142 (99.99%) Forward Only Surviving: 103 (0.00%) Reverse Only Surviving: 33 (0.00%) Dropped: 853 (0.01%)
TrimmomaticPE: Completed successfully
gill-1_S107_L005_R1_001
gill-1_S107_L005_R2_001
TrimmomaticPE: Started with arguments: /home/seboles/abaloneraw/DataLane5/RawLane5/FemaleLane5/gill-1_S107_L005_R1_001.fastq.gz /home/seboles/abaloneraw/DataLane5/RawLane5/FemaleLane5/gill-1_S107_L005_R2_001.fastq.gz gill-1_S107_L005_R1_001.qc.fq.gz s1_se gill-1_S107_L005_R2_001.qc.fq.gz s2_se ILLUMINACLIP:/home/nreid/rnaseq/NEBnextAdapt.fa:2:40:15 LEADING:2 TRAILING:2 SLIDINGWINDOW:4:2 MINLEN:25
Multiple cores found: Using 16 threads
Using Long Clipping Sequence: 'ACACTCTTTCCCTACACGACGCTCTTCCGATC'
Using Long Clipping Sequence: 'GATCGGAAGAGCGTCGTGTAGGGAAAGAGTGT'
Using Long Clipping Sequence: 'GATCGGAAGAGCACACGTCTGAACTCCAGTC'
Using Long Clipping Sequence: 'GACTGGAGTTCAGACGTGTGCTCTTCCGATC'
ILLUMINACLIP: Using 0 prefix pairs, 4 forward/reverse sequences, 0 forward only sequences, 0 reverse only sequences
Quality encoding detected as phred33
Input Read Pairs: 7416624 Both Surviving: 7414646 (99.97%) Forward Only Surviving: 96 (0.00%) Reverse Only Surviving: 97 (0.00%) Dropped: 1785 (0.02%)
TrimmomaticPE: Completed successfully
gill-2_S108_L005_R1_001
gill-2_S108_L005_R2_001
TrimmomaticPE: Started with arguments: /home/seboles/abaloneraw/DataLane5/RawLane5/FemaleLane5/gill-2_S108_L005_R1_001.fastq.gz /home/seboles/abaloneraw/DataLane5/RawLane5/FemaleLane5/gill-2_S108_L005_R2_001.fastq.gz gill-2_S108_L005_R1_001.qc.fq.gz s1_se gill-2_S108_L005_R2_001.qc.fq.gz s2_se ILLUMINACLIP:/home/nreid/rnaseq/NEBnextAdapt.fa:2:40:15 LEADING:2 TRAILING:2 SLIDINGWINDOW:4:2 MINLEN:25
Multiple cores found: Using 16 threads
Using Long Clipping Sequence: 'ACACTCTTTCCCTACACGACGCTCTTCCGATC'
Using Long Clipping Sequence: 'GATCGGAAGAGCGTCGTGTAGGGAAAGAGTGT'
Using Long Clipping Sequence: 'GATCGGAAGAGCACACGTCTGAACTCCAGTC'
Using Long Clipping Sequence: 'GACTGGAGTTCAGACGTGTGCTCTTCCGATC'
ILLUMINACLIP: Using 0 prefix pairs, 4 forward/reverse sequences, 0 forward only sequences, 0 reverse only sequences
Quality encoding detected as phred33
Input Read Pairs: 8062869 Both Surviving: 8061248 (99.98%) Forward Only Surviving: 87 (0.00%) Reverse Only Surviving: 89 (0.00%) Dropped: 1445 (0.02%)
TrimmomaticPE: Completed successfully
heart-1_S109_L005_R1_001
heart-1_S109_L005_R2_001
TrimmomaticPE: Started with arguments: /home/seboles/abaloneraw/DataLane5/RawLane5/FemaleLane5/heart-1_S109_L005_R1_001.fastq.gz /home/seboles/abaloneraw/DataLane5/RawLane5/FemaleLane5/heart-1_S109_L005_R2_001.fastq.gz heart-1_S109_L005_R1_001.qc.fq.gz s1_se heart-1_S109_L005_R2_001.qc.fq.gz s2_se ILLUMINACLIP:/home/nreid/rnaseq/NEBnextAdapt.fa:2:40:15 LEADING:2 TRAILING:2 SLIDINGWINDOW:4:2 MINLEN:25
Multiple cores found: Using 16 threads
Using Long Clipping Sequence: 'ACACTCTTTCCCTACACGACGCTCTTCCGATC'
Using Long Clipping Sequence: 'GATCGGAAGAGCGTCGTGTAGGGAAAGAGTGT'
Using Long Clipping Sequence: 'GATCGGAAGAGCACACGTCTGAACTCCAGTC'
Using Long Clipping Sequence: 'GACTGGAGTTCAGACGTGTGCTCTTCCGATC'
ILLUMINACLIP: Using 0 prefix pairs, 4 forward/reverse sequences, 0 forward only sequences, 0 reverse only sequences
Quality encoding detected as phred33
Input Read Pairs: 6729188 Both Surviving: 6648129 (98.80%) Forward Only Surviving: 1607 (0.02%) Reverse Only Surviving: 1696 (0.03%) Dropped: 77756 (1.16%)
TrimmomaticPE: Completed successfully
heart-2_S110_L005_R1_001
heart-2_S110_L005_R2_001
TrimmomaticPE: Started with arguments: /home/seboles/abaloneraw/DataLane5/RawLane5/FemaleLane5/heart-2_S110_L005_R1_001.fastq.gz /home/seboles/abaloneraw/DataLane5/RawLane5/FemaleLane5/heart-2_S110_L005_R2_001.fastq.gz heart-2_S110_L005_R1_001.qc.fq.gz s1_se heart-2_S110_L005_R2_001.qc.fq.gz s2_se ILLUMINACLIP:/home/nreid/rnaseq/NEBnextAdapt.fa:2:40:15 LEADING:2 TRAILING:2 SLIDINGWINDOW:4:2 MINLEN:25
Multiple cores found: Using 16 threads
Using Long Clipping Sequence: 'ACACTCTTTCCCTACACGACGCTCTTCCGATC'
Using Long Clipping Sequence: 'GATCGGAAGAGCGTCGTGTAGGGAAAGAGTGT'
Using Long Clipping Sequence: 'GATCGGAAGAGCACACGTCTGAACTCCAGTC'
Using Long Clipping Sequence: 'GACTGGAGTTCAGACGTGTGCTCTTCCGATC'
ILLUMINACLIP: Using 0 prefix pairs, 4 forward/reverse sequences, 0 forward only sequences, 0 reverse only sequences
Quality encoding detected as phred33
Input Read Pairs: 7389879 Both Surviving: 7387134 (99.96%) Forward Only Surviving: 95 (0.00%) Reverse Only Surviving: 123 (0.00%) Dropped: 2527 (0.03%)
TrimmomaticPE: Completed successfully
kidney-1_S112_L005_R1_001
kidney-1_S112_L005_R2_001
TrimmomaticPE: Started with arguments: /home/seboles/abaloneraw/DataLane5/RawLane5/FemaleLane5/kidney-1_S112_L005_R1_001.fastq.gz /home/seboles/abaloneraw/DataLane5/RawLane5/FemaleLane5/kidney-1_S112_L005_R2_001.fastq.gz kidney-1_S112_L005_R1_001.qc.fq.gz s1_se kidney-1_S112_L005_R2_001.qc.fq.gz s2_se ILLUMINACLIP:/home/nreid/rnaseq/NEBnextAdapt.fa:2:40:15 LEADING:2 TRAILING:2 SLIDINGWINDOW:4:2 MINLEN:25
Multiple cores found: Using 16 threads
Using Long Clipping Sequence: 'ACACTCTTTCCCTACACGACGCTCTTCCGATC'
Using Long Clipping Sequence: 'GATCGGAAGAGCGTCGTGTAGGGAAAGAGTGT'
Using Long Clipping Sequence: 'GATCGGAAGAGCACACGTCTGAACTCCAGTC'
Using Long Clipping Sequence: 'GACTGGAGTTCAGACGTGTGCTCTTCCGATC'
ILLUMINACLIP: Using 0 prefix pairs, 4 forward/reverse sequences, 0 forward only sequences, 0 reverse only sequences
Quality encoding detected as phred33
Input Read Pairs: 10103425 Both Surviving: 9989858 (98.88%) Forward Only Surviving: 2147 (0.02%) Reverse Only Surviving: 2407 (0.02%) Dropped: 109013 (1.08%)
TrimmomaticPE: Completed successfully
kidney-2_S113_L005_R1_001
kidney-2_S113_L005_R2_001
TrimmomaticPE: Started with arguments: /home/seboles/abaloneraw/DataLane5/RawLane5/FemaleLane5/kidney-2_S113_L005_R1_001.fastq.gz /home/seboles/abaloneraw/DataLane5/RawLane5/FemaleLane5/kidney-2_S113_L005_R2_001.fastq.gz kidney-2_S113_L005_R1_001.qc.fq.gz s1_se kidney-2_S113_L005_R2_001.qc.fq.gz s2_se ILLUMINACLIP:/home/nreid/rnaseq/NEBnextAdapt.fa:2:40:15 LEADING:2 TRAILING:2 SLIDINGWINDOW:4:2 MINLEN:25
Multiple cores found: Using 16 threads
Using Long Clipping Sequence: 'ACACTCTTTCCCTACACGACGCTCTTCCGATC'
Using Long Clipping Sequence: 'GATCGGAAGAGCGTCGTGTAGGGAAAGAGTGT'
Using Long Clipping Sequence: 'GATCGGAAGAGCACACGTCTGAACTCCAGTC'
Using Long Clipping Sequence: 'GACTGGAGTTCAGACGTGTGCTCTTCCGATC'
ILLUMINACLIP: Using 0 prefix pairs, 4 forward/reverse sequences, 0 forward only sequences, 0 reverse only sequences
Quality encoding detected as phred33
Input Read Pairs: 7858127 Both Surviving: 7788617 (99.12%) Forward Only Surviving: 1297 (0.02%) Reverse Only Surviving: 1484 (0.02%) Dropped: 66729 (0.85%)
TrimmomaticPE: Completed successfully
liver-1_S116_L005_R1_001
liver-1_S116_L005_R2_001
TrimmomaticPE: Started with arguments: /home/seboles/abaloneraw/DataLane5/RawLane5/FemaleLane5/liver-1_S116_L005_R1_001.fastq.gz /home/seboles/abaloneraw/DataLane5/RawLane5/FemaleLane5/liver-1_S116_L005_R2_001.fastq.gz liver-1_S116_L005_R1_001.qc.fq.gz s1_se liver-1_S116_L005_R2_001.qc.fq.gz s2_se ILLUMINACLIP:/home/nreid/rnaseq/NEBnextAdapt.fa:2:40:15 LEADING:2 TRAILING:2 SLIDINGWINDOW:4:2 MINLEN:25
Multiple cores found: Using 16 threads
Using Long Clipping Sequence: 'ACACTCTTTCCCTACACGACGCTCTTCCGATC'
Using Long Clipping Sequence: 'GATCGGAAGAGCGTCGTGTAGGGAAAGAGTGT'
Using Long Clipping Sequence: 'GATCGGAAGAGCACACGTCTGAACTCCAGTC'
Using Long Clipping Sequence: 'GACTGGAGTTCAGACGTGTGCTCTTCCGATC'
ILLUMINACLIP: Using 0 prefix pairs, 4 forward/reverse sequences, 0 forward only sequences, 0 reverse only sequences
Quality encoding detected as phred33
Input Read Pairs: 7944896 Both Surviving: 7797874 (98.15%) Forward Only Surviving: 2910 (0.04%) Reverse Only Surviving: 4563 (0.06%) Dropped: 139549 (1.76%)
TrimmomaticPE: Completed successfully
liver-2_S117_L005_R1_001
liver-2_S117_L005_R2_001
TrimmomaticPE: Started with arguments: /home/seboles/abaloneraw/DataLane5/RawLane5/FemaleLane5/liver-2_S117_L005_R1_001.fastq.gz /home/seboles/abaloneraw/DataLane5/RawLane5/FemaleLane5/liver-2_S117_L005_R2_001.fastq.gz liver-2_S117_L005_R1_001.qc.fq.gz s1_se liver-2_S117_L005_R2_001.qc.fq.gz s2_se ILLUMINACLIP:/home/nreid/rnaseq/NEBnextAdapt.fa:2:40:15 LEADING:2 TRAILING:2 SLIDINGWINDOW:4:2 MINLEN:25
Multiple cores found: Using 16 threads
Using Long Clipping Sequence: 'ACACTCTTTCCCTACACGACGCTCTTCCGATC'
Using Long Clipping Sequence: 'GATCGGAAGAGCGTCGTGTAGGGAAAGAGTGT'
Using Long Clipping Sequence: 'GATCGGAAGAGCACACGTCTGAACTCCAGTC'
Using Long Clipping Sequence: 'GACTGGAGTTCAGACGTGTGCTCTTCCGATC'
ILLUMINACLIP: Using 0 prefix pairs, 4 forward/reverse sequences, 0 forward only sequences, 0 reverse only sequences
Quality encoding detected as phred33
Input Read Pairs: 4605771 Both Surviving: 4554570 (98.89%) Forward Only Surviving: 973 (0.02%) Reverse Only Surviving: 1064 (0.02%) Dropped: 49164 (1.07%)
TrimmomaticPE: Completed successfully
mantle-1_S118_L005_R1_001
mantle-1_S118_L005_R2_001
TrimmomaticPE: Started with arguments: /home/seboles/abaloneraw/DataLane5/RawLane5/FemaleLane5/mantle-1_S118_L005_R1_001.fastq.gz /home/seboles/abaloneraw/DataLane5/RawLane5/FemaleLane5/mantle-1_S118_L005_R2_001.fastq.gz mantle-1_S118_L005_R1_001.qc.fq.gz s1_se mantle-1_S118_L005_R2_001.qc.fq.gz s2_se ILLUMINACLIP:/home/nreid/rnaseq/NEBnextAdapt.fa:2:40:15 LEADING:2 TRAILING:2 SLIDINGWINDOW:4:2 MINLEN:25
Multiple cores found: Using 16 threads
Using Long Clipping Sequence: 'ACACTCTTTCCCTACACGACGCTCTTCCGATC'
Using Long Clipping Sequence: 'GATCGGAAGAGCGTCGTGTAGGGAAAGAGTGT'
Using Long Clipping Sequence: 'GATCGGAAGAGCACACGTCTGAACTCCAGTC'
Using Long Clipping Sequence: 'GACTGGAGTTCAGACGTGTGCTCTTCCGATC'
ILLUMINACLIP: Using 0 prefix pairs, 4 forward/reverse sequences, 0 forward only sequences, 0 reverse only sequences
Quality encoding detected as phred33
Input Read Pairs: 9369901 Both Surviving: 9368437 (99.98%) Forward Only Surviving: 107 (0.00%) Reverse Only Surviving: 117 (0.00%) Dropped: 1240 (0.01%)
TrimmomaticPE: Completed successfully
mantle-2_S119_L005_R1_001
mantle-2_S119_L005_R2_001
TrimmomaticPE: Started with arguments: /home/seboles/abaloneraw/DataLane5/RawLane5/FemaleLane5/mantle-2_S119_L005_R1_001.fastq.gz /home/seboles/abaloneraw/DataLane5/RawLane5/FemaleLane5/mantle-2_S119_L005_R2_001.fastq.gz mantle-2_S119_L005_R1_001.qc.fq.gz s1_se mantle-2_S119_L005_R2_001.qc.fq.gz s2_se ILLUMINACLIP:/home/nreid/rnaseq/NEBnextAdapt.fa:2:40:15 LEADING:2 TRAILING:2 SLIDINGWINDOW:4:2 MINLEN:25
Multiple cores found: Using 16 threads
Using Long Clipping Sequence: 'ACACTCTTTCCCTACACGACGCTCTTCCGATC'
Using Long Clipping Sequence: 'GATCGGAAGAGCGTCGTGTAGGGAAAGAGTGT'
Using Long Clipping Sequence: 'GATCGGAAGAGCACACGTCTGAACTCCAGTC'
Using Long Clipping Sequence: 'GACTGGAGTTCAGACGTGTGCTCTTCCGATC'
ILLUMINACLIP: Using 0 prefix pairs, 4 forward/reverse sequences, 0 forward only sequences, 0 reverse only sequences
Quality encoding detected as phred33
Input Read Pairs: 9759840 Both Surviving: 9759139 (99.99%) Forward Only Surviving: 114 (0.00%) Reverse Only Surviving: 45 (0.00%) Dropped: 542 (0.01%)
TrimmomaticPE: Completed successfully
postesophagus-1_S122_L005_R1_001
postesophagus-1_S122_L005_R2_001
TrimmomaticPE: Started with arguments: /home/seboles/abaloneraw/DataLane5/RawLane5/FemaleLane5/postesophagus-1_S122_L005_R1_001.fastq.gz /home/seboles/abaloneraw/DataLane5/RawLane5/FemaleLane5/postesophagus-1_S122_L005_R2_001.fastq.gz postesophagus-1_S122_L005_R1_001.qc.fq.gz s1_se postesophagus-1_S122_L005_R2_001.qc.fq.gz s2_se ILLUMINACLIP:/home/nreid/rnaseq/NEBnextAdapt.fa:2:40:15 LEADING:2 TRAILING:2 SLIDINGWINDOW:4:2 MINLEN:25
Multiple cores found: Using 16 threads
Using Long Clipping Sequence: 'ACACTCTTTCCCTACACGACGCTCTTCCGATC'
Using Long Clipping Sequence: 'GATCGGAAGAGCGTCGTGTAGGGAAAGAGTGT'
Using Long Clipping Sequence: 'GATCGGAAGAGCACACGTCTGAACTCCAGTC'
Using Long Clipping Sequence: 'GACTGGAGTTCAGACGTGTGCTCTTCCGATC'
ILLUMINACLIP: Using 0 prefix pairs, 4 forward/reverse sequences, 0 forward only sequences, 0 reverse only sequences
Quality encoding detected as phred33
Input Read Pairs: 8451811 Both Surviving: 8324408 (98.49%) Forward Only Surviving: 2426 (0.03%) Reverse Only Surviving: 9448 (0.11%) Dropped: 115529 (1.37%)
TrimmomaticPE: Completed successfully
postesophagus-2_S123_L005_R1_001
postesophagus-2_S123_L005_R2_001
TrimmomaticPE: Started with arguments: /home/seboles/abaloneraw/DataLane5/RawLane5/FemaleLane5/postesophagus-2_S123_L005_R1_001.fastq.gz /home/seboles/abaloneraw/DataLane5/RawLane5/FemaleLane5/postesophagus-2_S123_L005_R2_001.fastq.gz postesophagus-2_S123_L005_R1_001.qc.fq.gz s1_se postesophagus-2_S123_L005_R2_001.qc.fq.gz s2_se ILLUMINACLIP:/home/nreid/rnaseq/NEBnextAdapt.fa:2:40:15 LEADING:2 TRAILING:2 SLIDINGWINDOW:4:2 MINLEN:25
Multiple cores found: Using 16 threads
Using Long Clipping Sequence: 'ACACTCTTTCCCTACACGACGCTCTTCCGATC'
Using Long Clipping Sequence: 'GATCGGAAGAGCGTCGTGTAGGGAAAGAGTGT'
Using Long Clipping Sequence: 'GATCGGAAGAGCACACGTCTGAACTCCAGTC'
Using Long Clipping Sequence: 'GACTGGAGTTCAGACGTGTGCTCTTCCGATC'
ILLUMINACLIP: Using 0 prefix pairs, 4 forward/reverse sequences, 0 forward only sequences, 0 reverse only sequences
Quality encoding detected as phred33
Input Read Pairs: 10935598 Both Surviving: 10934320 (99.99%) Forward Only Surviving: 140 (0.00%) Reverse Only Surviving: 94 (0.00%) Dropped: 1044 (0.01%)
TrimmomaticPE: Completed successfully
Undetermined_S0_L005_R1_001
Undetermined_S0_L005_R2_001
TrimmomaticPE: Started with arguments: /home/seboles/abaloneraw/DataLane5/RawLane5/FemaleLane5/Undetermined_S0_L005_R1_001.fastq.gz /home/seboles/abaloneraw/DataLane5/RawLane5/FemaleLane5/Undetermined_S0_L005_R2_001.fastq.gz Undetermined_S0_L005_R1_001.qc.fq.gz s1_se Undetermined_S0_L005_R2_001.qc.fq.gz s2_se ILLUMINACLIP:/home/nreid/rnaseq/NEBnextAdapt.fa:2:40:15 LEADING:2 TRAILING:2 SLIDINGWINDOW:4:2 MINLEN:25
Multiple cores found: Using 16 threads
Using Long Clipping Sequence: 'ACACTCTTTCCCTACACGACGCTCTTCCGATC'
Using Long Clipping Sequence: 'GATCGGAAGAGCGTCGTGTAGGGAAAGAGTGT'
Using Long Clipping Sequence: 'GATCGGAAGAGCACACGTCTGAACTCCAGTC'
Using Long Clipping Sequence: 'GACTGGAGTTCAGACGTGTGCTCTTCCGATC'
ILLUMINACLIP: Using 0 prefix pairs, 4 forward/reverse sequences, 0 forward only sequences, 0 reverse only sequences
Quality encoding detected as phred33
Input Read Pairs: 27050267 Both Surviving: 26939699 (99.59%) Forward Only Surviving: 3596 (0.01%) Reverse Only Surviving: 10574 (0.04%) Dropped: 96398 (0.36%)
TrimmomaticPE: Completed successfully
